<?xml version="1.0" encoding="UTF-8"?>
<testsuite name="edu.coursera.distributed.SparkTest" time="297.685" tests="6" errors="0" skipped="0" failures="0">
  <properties>
[...]
</properties>
  <testcase name="testUniformFiftyThousand" classname="edu.coursera.distributed.SparkTest" time="101.213"/>
  <testcase name="testRandomTwentyThousand" classname="edu.coursera.distributed.SparkTest" time="29.169"/>
  <testcase name="testIncreasingTwentyThousand" classname="edu.coursera.distributed.SparkTest" time="22.911"/>
  <testcase name="testRandomFiftyThousand" classname="edu.coursera.distributed.SparkTest" time="57.816"/>
  <testcase name="testUniformTwentyThousand" classname="edu.coursera.distributed.SparkTest" time="31.261"/>
  <testcase name="testIncreasingFiftyThousand" classname="edu.coursera.distributed.SparkTest" time="55.315"/>
</testsuite>