<?xml version="1.0" encoding="UTF-8"?>
<testsuite name="edu.coursera.distributed.SparkTest" time="7.923" tests="6" errors="6" skipped="0" failures="0">
  <properties>
[...]
</properties>
  <testcase name="testUniformTwentyThousand" classname="edu.coursera.distributed.SparkTest" time="6.555">
    <error type="java.lang.UnsupportedOperationException">java.lang.UnsupportedOperationException
	at edu.coursera.distributed.PageRank.sparkPageRank(PageRank.java:52)
	at edu.coursera.distributed.SparkTest.testDriver(SparkTest.java:180)
	at edu.coursera.distributed.SparkTest.testUniformTwentyThousand(SparkTest.java:239)
</error>
    <system-err><![CDATA[Running the PageRank algorithm for 5 iterations on a website graph of 20000 websites

Using Spark's default log4j profile: org/apache/spark/log4j-defaults.properties
20/12/18 23:58:37 INFO PlatformDependent: Your platform does not provide complete low-level API for accessing direct buffers reliably. Unless explicitly requested, heap buffer will always be preferred to avoid potential system unstability.
20/12/18 23:58:39 INFO Remoting: Starting remoting
20/12/18 23:58:39 INFO Remoting: Remoting started; listening on addresses :[akka.tcp://sparkDriverActorSystem@192.168.1.49:60083]
]]></system-err>
  </testcase>
  <testcase name="testIncreasingTwentyThousand" classname="edu.coursera.distributed.SparkTest" time="0.468">
    <error message="Only one SparkContext may be running in this JVM (see SPARK-2243). To ignore this error, set spark.driver.allowMultipleContexts = true. The currently running SparkContext was created at:&#10;org.apache.spark.api.java.JavaSparkContext.&lt;init&gt;(JavaSparkContext.scala:59)&#10;edu.coursera.distributed.SparkTest.getSparkContext(SparkTest.java:38)&#10;edu.coursera.distributed.SparkTest.testDriver(SparkTest.java:170)&#10;edu.coursera.distributed.SparkTest.testUniformTwentyThousand(SparkTest.java:239)&#10;java.base/jdk.internal.reflect.NativeMethodAccessorImpl.invoke0(Native Method)&#10;java.base/jdk.internal.reflect.NativeMethodAccessorImpl.invoke(NativeMethodAccessorImpl.java:62)&#10;java.base/jdk.internal.reflect.DelegatingMethodAccessorImpl.invoke(DelegatingMethodAccessorImpl.java:43)&#10;java.base/java.lang.reflect.Method.invoke(Method.java:567)&#10;junit.framework.TestCase.runTest(TestCase.java:164)&#10;junit.framework.TestCase.runBare(TestCase.java:130)&#10;junit.framework.TestResult$1.protect(TestResult.java:106)&#10;junit.framework.TestResult.runProtected(TestResult.java:124)&#10;junit.framework.TestResult.run(TestResult.java:109)&#10;junit.framework.TestCase.run(TestCase.java:120)&#10;junit.framework.TestSuite.runTest(TestSuite.java:230)&#10;junit.framework.TestSuite.run(TestSuite.java:225)&#10;java.base/jdk.internal.reflect.NativeMethodAccessorImpl.invoke0(Native Method)&#10;java.base/jdk.internal.reflect.NativeMethodAccessorImpl.invoke(NativeMethodAccessorImpl.java:62)&#10;java.base/jdk.internal.reflect.DelegatingMethodAccessorImpl.invoke(DelegatingMethodAccessorImpl.java:43)&#10;java.base/java.lang.reflect.Method.invoke(Method.java:567)" type="org.apache.spark.SparkException"><![CDATA[org.apache.spark.SparkException: Only one SparkContext may be running in this JVM (see SPARK-2243). To ignore this error, set spark.driver.allowMultipleContexts = true. The currently running SparkContext was created at:
org.apache.spark.api.java.JavaSparkContext.<init>(JavaSparkContext.scala:59)
edu.coursera.distributed.SparkTest.getSparkContext(SparkTest.java:38)
edu.coursera.distributed.SparkTest.testDriver(SparkTest.java:170)
edu.coursera.distributed.SparkTest.testUniformTwentyThousand(SparkTest.java:239)
java.base/jdk.internal.reflect.NativeMethodAccessorImpl.invoke0(Native Method)
java.base/jdk.internal.reflect.NativeMethodAccessorImpl.invoke(NativeMethodAccessorImpl.java:62)
java.base/jdk.internal.reflect.DelegatingMethodAccessorImpl.invoke(DelegatingMethodAccessorImpl.java:43)
java.base/java.lang.reflect.Method.invoke(Method.java:567)
junit.framework.TestCase.runTest(TestCase.java:164)
junit.framework.TestCase.runBare(TestCase.java:130)
junit.framework.TestResult$1.protect(TestResult.java:106)
junit.framework.TestResult.runProtected(TestResult.java:124)
junit.framework.TestResult.run(TestResult.java:109)
junit.framework.TestCase.run(TestCase.java:120)
junit.framework.TestSuite.runTest(TestSuite.java:230)
junit.framework.TestSuite.run(TestSuite.java:225)
java.base/jdk.internal.reflect.NativeMethodAccessorImpl.invoke0(Native Method)
java.base/jdk.internal.reflect.NativeMethodAccessorImpl.invoke(NativeMethodAccessorImpl.java:62)
java.base/jdk.internal.reflect.DelegatingMethodAccessorImpl.invoke(DelegatingMethodAccessorImpl.java:43)
java.base/java.lang.reflect.Method.invoke(Method.java:567)
	at org.apache.spark.SparkContext$$anonfun$assertNoOtherContextIsRunning$1.apply(SparkContext.scala:2257)
	at org.apache.spark.SparkContext$$anonfun$assertNoOtherContextIsRunning$1.apply(SparkContext.scala:2239)
	at scala.Option.foreach(Option.scala:236)
	at org.apache.spark.SparkContext$.assertNoOtherContextIsRunning(SparkContext.scala:2239)
	at org.apache.spark.SparkContext$.setActiveContext(SparkContext.scala:2325)
	at org.apache.spark.SparkContext.<init>(SparkContext.scala:2197)
	at org.apache.spark.api.java.JavaSparkContext.<init>(JavaSparkContext.scala:59)
	at edu.coursera.distributed.SparkTest.getSparkContext(SparkTest.java:38)
	at edu.coursera.distributed.SparkTest.testDriver(SparkTest.java:170)
	at edu.coursera.distributed.SparkTest.testIncreasingTwentyThousand(SparkTest.java:261)
]]></error>
    <system-err><![CDATA[Running the PageRank algorithm for 5 iterations on a website graph of 20000 websites

]]></system-err>
  </testcase>
  <testcase name="testRandomTwentyThousand" classname="edu.coursera.distributed.SparkTest" time="0.076">
    <error message="Only one SparkContext may be running in this JVM (see SPARK-2243). To ignore this error, set spark.driver.allowMultipleContexts = true. The currently running SparkContext was created at:&#10;org.apache.spark.api.java.JavaSparkContext.&lt;init&gt;(JavaSparkContext.scala:59)&#10;edu.coursera.distributed.SparkTest.getSparkContext(SparkTest.java:38)&#10;edu.coursera.distributed.SparkTest.testDriver(SparkTest.java:170)&#10;edu.coursera.distributed.SparkTest.testUniformTwentyThousand(SparkTest.java:239)&#10;java.base/jdk.internal.reflect.NativeMethodAccessorImpl.invoke0(Native Method)&#10;java.base/jdk.internal.reflect.NativeMethodAccessorImpl.invoke(NativeMethodAccessorImpl.java:62)&#10;java.base/jdk.internal.reflect.DelegatingMethodAccessorImpl.invoke(DelegatingMethodAccessorImpl.java:43)&#10;java.base/java.lang.reflect.Method.invoke(Method.java:567)&#10;junit.framework.TestCase.runTest(TestCase.java:164)&#10;junit.framework.TestCase.runBare(TestCase.java:130)&#10;junit.framework.TestResult$1.protect(TestResult.java:106)&#10;junit.framework.TestResult.runProtected(TestResult.java:124)&#10;junit.framework.TestResult.run(TestResult.java:109)&#10;junit.framework.TestCase.run(TestCase.java:120)&#10;junit.framework.TestSuite.runTest(TestSuite.java:230)&#10;junit.framework.TestSuite.run(TestSuite.java:225)&#10;java.base/jdk.internal.reflect.NativeMethodAccessorImpl.invoke0(Native Method)&#10;java.base/jdk.internal.reflect.NativeMethodAccessorImpl.invoke(NativeMethodAccessorImpl.java:62)&#10;java.base/jdk.internal.reflect.DelegatingMethodAccessorImpl.invoke(DelegatingMethodAccessorImpl.java:43)&#10;java.base/java.lang.reflect.Method.invoke(Method.java:567)" type="org.apache.spark.SparkException"><![CDATA[org.apache.spark.SparkException: Only one SparkContext may be running in this JVM (see SPARK-2243). To ignore this error, set spark.driver.allowMultipleContexts = true. The currently running SparkContext was created at:
org.apache.spark.api.java.JavaSparkContext.<init>(JavaSparkContext.scala:59)
edu.coursera.distributed.SparkTest.getSparkContext(SparkTest.java:38)
edu.coursera.distributed.SparkTest.testDriver(SparkTest.java:170)
edu.coursera.distributed.SparkTest.testUniformTwentyThousand(SparkTest.java:239)
java.base/jdk.internal.reflect.NativeMethodAccessorImpl.invoke0(Native Method)
java.base/jdk.internal.reflect.NativeMethodAccessorImpl.invoke(NativeMethodAccessorImpl.java:62)
java.base/jdk.internal.reflect.DelegatingMethodAccessorImpl.invoke(DelegatingMethodAccessorImpl.java:43)
java.base/java.lang.reflect.Method.invoke(Method.java:567)
junit.framework.TestCase.runTest(TestCase.java:164)
junit.framework.TestCase.runBare(TestCase.java:130)
junit.framework.TestResult$1.protect(TestResult.java:106)
junit.framework.TestResult.runProtected(TestResult.java:124)
junit.framework.TestResult.run(TestResult.java:109)
junit.framework.TestCase.run(TestCase.java:120)
junit.framework.TestSuite.runTest(TestSuite.java:230)
junit.framework.TestSuite.run(TestSuite.java:225)
java.base/jdk.internal.reflect.NativeMethodAccessorImpl.invoke0(Native Method)
java.base/jdk.internal.reflect.NativeMethodAccessorImpl.invoke(NativeMethodAccessorImpl.java:62)
java.base/jdk.internal.reflect.DelegatingMethodAccessorImpl.invoke(DelegatingMethodAccessorImpl.java:43)
java.base/java.lang.reflect.Method.invoke(Method.java:567)
	at org.apache.spark.SparkContext$$anonfun$assertNoOtherContextIsRunning$1.apply(SparkContext.scala:2257)
	at org.apache.spark.SparkContext$$anonfun$assertNoOtherContextIsRunning$1.apply(SparkContext.scala:2239)
	at scala.Option.foreach(Option.scala:236)
	at org.apache.spark.SparkContext$.assertNoOtherContextIsRunning(SparkContext.scala:2239)
	at org.apache.spark.SparkContext$.markPartiallyConstructed(SparkContext.scala:2312)
	at org.apache.spark.SparkContext.<init>(SparkContext.scala:91)
	at org.apache.spark.api.java.JavaSparkContext.<init>(JavaSparkContext.scala:59)
	at edu.coursera.distributed.SparkTest.getSparkContext(SparkTest.java:38)
	at edu.coursera.distributed.SparkTest.testDriver(SparkTest.java:170)
	at edu.coursera.distributed.SparkTest.testRandomTwentyThousand(SparkTest.java:283)
]]></error>
    <system-err><![CDATA[Running the PageRank algorithm for 5 iterations on a website graph of 20000 websites

]]></system-err>
  </testcase>
  <testcase name="testUniformFiftyThousand" classname="edu.coursera.distributed.SparkTest" time="0.321">
    <error message="Only one SparkContext may be running in this JVM (see SPARK-2243). To ignore this error, set spark.driver.allowMultipleContexts = true. The currently running SparkContext was created at:&#10;org.apache.spark.api.java.JavaSparkContext.&lt;init&gt;(JavaSparkContext.scala:59)&#10;edu.coursera.distributed.SparkTest.getSparkContext(SparkTest.java:38)&#10;edu.coursera.distributed.SparkTest.testDriver(SparkTest.java:170)&#10;edu.coursera.distributed.SparkTest.testUniformTwentyThousand(SparkTest.java:239)&#10;java.base/jdk.internal.reflect.NativeMethodAccessorImpl.invoke0(Native Method)&#10;java.base/jdk.internal.reflect.NativeMethodAccessorImpl.invoke(NativeMethodAccessorImpl.java:62)&#10;java.base/jdk.internal.reflect.DelegatingMethodAccessorImpl.invoke(DelegatingMethodAccessorImpl.java:43)&#10;java.base/java.lang.reflect.Method.invoke(Method.java:567)&#10;junit.framework.TestCase.runTest(TestCase.java:164)&#10;junit.framework.TestCase.runBare(TestCase.java:130)&#10;junit.framework.TestResult$1.protect(TestResult.java:106)&#10;junit.framework.TestResult.runProtected(TestResult.java:124)&#10;junit.framework.TestResult.run(TestResult.java:109)&#10;junit.framework.TestCase.run(TestCase.java:120)&#10;junit.framework.TestSuite.runTest(TestSuite.java:230)&#10;junit.framework.TestSuite.run(TestSuite.java:225)&#10;java.base/jdk.internal.reflect.NativeMethodAccessorImpl.invoke0(Native Method)&#10;java.base/jdk.internal.reflect.NativeMethodAccessorImpl.invoke(NativeMethodAccessorImpl.java:62)&#10;java.base/jdk.internal.reflect.DelegatingMethodAccessorImpl.invoke(DelegatingMethodAccessorImpl.java:43)&#10;java.base/java.lang.reflect.Method.invoke(Method.java:567)" type="org.apache.spark.SparkException"><![CDATA[org.apache.spark.SparkException: Only one SparkContext may be running in this JVM (see SPARK-2243). To ignore this error, set spark.driver.allowMultipleContexts = true. The currently running SparkContext was created at:
org.apache.spark.api.java.JavaSparkContext.<init>(JavaSparkContext.scala:59)
edu.coursera.distributed.SparkTest.getSparkContext(SparkTest.java:38)
edu.coursera.distributed.SparkTest.testDriver(SparkTest.java:170)
edu.coursera.distributed.SparkTest.testUniformTwentyThousand(SparkTest.java:239)
java.base/jdk.internal.reflect.NativeMethodAccessorImpl.invoke0(Native Method)
java.base/jdk.internal.reflect.NativeMethodAccessorImpl.invoke(NativeMethodAccessorImpl.java:62)
java.base/jdk.internal.reflect.DelegatingMethodAccessorImpl.invoke(DelegatingMethodAccessorImpl.java:43)
java.base/java.lang.reflect.Method.invoke(Method.java:567)
junit.framework.TestCase.runTest(TestCase.java:164)
junit.framework.TestCase.runBare(TestCase.java:130)
junit.framework.TestResult$1.protect(TestResult.java:106)
junit.framework.TestResult.runProtected(TestResult.java:124)
junit.framework.TestResult.run(TestResult.java:109)
junit.framework.TestCase.run(TestCase.java:120)
junit.framework.TestSuite.runTest(TestSuite.java:230)
junit.framework.TestSuite.run(TestSuite.java:225)
java.base/jdk.internal.reflect.NativeMethodAccessorImpl.invoke0(Native Method)
java.base/jdk.internal.reflect.NativeMethodAccessorImpl.invoke(NativeMethodAccessorImpl.java:62)
java.base/jdk.internal.reflect.DelegatingMethodAccessorImpl.invoke(DelegatingMethodAccessorImpl.java:43)
java.base/java.lang.reflect.Method.invoke(Method.java:567)
	at org.apache.spark.SparkContext$$anonfun$assertNoOtherContextIsRunning$1.apply(SparkContext.scala:2257)
	at org.apache.spark.SparkContext$$anonfun$assertNoOtherContextIsRunning$1.apply(SparkContext.scala:2239)
	at scala.Option.foreach(Option.scala:236)
	at org.apache.spark.SparkContext$.assertNoOtherContextIsRunning(SparkContext.scala:2239)
	at org.apache.spark.SparkContext$.markPartiallyConstructed(SparkContext.scala:2312)
	at org.apache.spark.SparkContext.<init>(SparkContext.scala:91)
	at org.apache.spark.api.java.JavaSparkContext.<init>(JavaSparkContext.scala:59)
	at edu.coursera.distributed.SparkTest.getSparkContext(SparkTest.java:38)
	at edu.coursera.distributed.SparkTest.testDriver(SparkTest.java:170)
	at edu.coursera.distributed.SparkTest.testUniformFiftyThousand(SparkTest.java:250)
]]></error>
    <system-err><![CDATA[Running the PageRank algorithm for 5 iterations on a website graph of 50000 websites

]]></system-err>
  </testcase>
  <testcase name="testIncreasingFiftyThousand" classname="edu.coursera.distributed.SparkTest" time="0.223">
    <error message="Only one SparkContext may be running in this JVM (see SPARK-2243). To ignore this error, set spark.driver.allowMultipleContexts = true. The currently running SparkContext was created at:&#10;org.apache.spark.api.java.JavaSparkContext.&lt;init&gt;(JavaSparkContext.scala:59)&#10;edu.coursera.distributed.SparkTest.getSparkContext(SparkTest.java:38)&#10;edu.coursera.distributed.SparkTest.testDriver(SparkTest.java:170)&#10;edu.coursera.distributed.SparkTest.testUniformTwentyThousand(SparkTest.java:239)&#10;java.base/jdk.internal.reflect.NativeMethodAccessorImpl.invoke0(Native Method)&#10;java.base/jdk.internal.reflect.NativeMethodAccessorImpl.invoke(NativeMethodAccessorImpl.java:62)&#10;java.base/jdk.internal.reflect.DelegatingMethodAccessorImpl.invoke(DelegatingMethodAccessorImpl.java:43)&#10;java.base/java.lang.reflect.Method.invoke(Method.java:567)&#10;junit.framework.TestCase.runTest(TestCase.java:164)&#10;junit.framework.TestCase.runBare(TestCase.java:130)&#10;junit.framework.TestResult$1.protect(TestResult.java:106)&#10;junit.framework.TestResult.runProtected(TestResult.java:124)&#10;junit.framework.TestResult.run(TestResult.java:109)&#10;junit.framework.TestCase.run(TestCase.java:120)&#10;junit.framework.TestSuite.runTest(TestSuite.java:230)&#10;junit.framework.TestSuite.run(TestSuite.java:225)&#10;java.base/jdk.internal.reflect.NativeMethodAccessorImpl.invoke0(Native Method)&#10;java.base/jdk.internal.reflect.NativeMethodAccessorImpl.invoke(NativeMethodAccessorImpl.java:62)&#10;java.base/jdk.internal.reflect.DelegatingMethodAccessorImpl.invoke(DelegatingMethodAccessorImpl.java:43)&#10;java.base/java.lang.reflect.Method.invoke(Method.java:567)" type="org.apache.spark.SparkException"><![CDATA[org.apache.spark.SparkException: Only one SparkContext may be running in this JVM (see SPARK-2243). To ignore this error, set spark.driver.allowMultipleContexts = true. The currently running SparkContext was created at:
org.apache.spark.api.java.JavaSparkContext.<init>(JavaSparkContext.scala:59)
edu.coursera.distributed.SparkTest.getSparkContext(SparkTest.java:38)
edu.coursera.distributed.SparkTest.testDriver(SparkTest.java:170)
edu.coursera.distributed.SparkTest.testUniformTwentyThousand(SparkTest.java:239)
java.base/jdk.internal.reflect.NativeMethodAccessorImpl.invoke0(Native Method)
java.base/jdk.internal.reflect.NativeMethodAccessorImpl.invoke(NativeMethodAccessorImpl.java:62)
java.base/jdk.internal.reflect.DelegatingMethodAccessorImpl.invoke(DelegatingMethodAccessorImpl.java:43)
java.base/java.lang.reflect.Method.invoke(Method.java:567)
junit.framework.TestCase.runTest(TestCase.java:164)
junit.framework.TestCase.runBare(TestCase.java:130)
junit.framework.TestResult$1.protect(TestResult.java:106)
junit.framework.TestResult.runProtected(TestResult.java:124)
junit.framework.TestResult.run(TestResult.java:109)
junit.framework.TestCase.run(TestCase.java:120)
junit.framework.TestSuite.runTest(TestSuite.java:230)
junit.framework.TestSuite.run(TestSuite.java:225)
java.base/jdk.internal.reflect.NativeMethodAccessorImpl.invoke0(Native Method)
java.base/jdk.internal.reflect.NativeMethodAccessorImpl.invoke(NativeMethodAccessorImpl.java:62)
java.base/jdk.internal.reflect.DelegatingMethodAccessorImpl.invoke(DelegatingMethodAccessorImpl.java:43)
java.base/java.lang.reflect.Method.invoke(Method.java:567)
	at org.apache.spark.SparkContext$$anonfun$assertNoOtherContextIsRunning$1.apply(SparkContext.scala:2257)
	at org.apache.spark.SparkContext$$anonfun$assertNoOtherContextIsRunning$1.apply(SparkContext.scala:2239)
	at scala.Option.foreach(Option.scala:236)
	at org.apache.spark.SparkContext$.assertNoOtherContextIsRunning(SparkContext.scala:2239)
	at org.apache.spark.SparkContext$.markPartiallyConstructed(SparkContext.scala:2312)
	at org.apache.spark.SparkContext.<init>(SparkContext.scala:91)
	at org.apache.spark.api.java.JavaSparkContext.<init>(JavaSparkContext.scala:59)
	at edu.coursera.distributed.SparkTest.getSparkContext(SparkTest.java:38)
	at edu.coursera.distributed.SparkTest.testDriver(SparkTest.java:170)
	at edu.coursera.distributed.SparkTest.testIncreasingFiftyThousand(SparkTest.java:272)
]]></error>
    <system-err><![CDATA[Running the PageRank algorithm for 5 iterations on a website graph of 50000 websites

]]></system-err>
  </testcase>
  <testcase name="testRandomFiftyThousand" classname="edu.coursera.distributed.SparkTest" time="0.28">
    <error message="Only one SparkContext may be running in this JVM (see SPARK-2243). To ignore this error, set spark.driver.allowMultipleContexts = true. The currently running SparkContext was created at:&#10;org.apache.spark.api.java.JavaSparkContext.&lt;init&gt;(JavaSparkContext.scala:59)&#10;edu.coursera.distributed.SparkTest.getSparkContext(SparkTest.java:38)&#10;edu.coursera.distributed.SparkTest.testDriver(SparkTest.java:170)&#10;edu.coursera.distributed.SparkTest.testUniformTwentyThousand(SparkTest.java:239)&#10;java.base/jdk.internal.reflect.NativeMethodAccessorImpl.invoke0(Native Method)&#10;java.base/jdk.internal.reflect.NativeMethodAccessorImpl.invoke(NativeMethodAccessorImpl.java:62)&#10;java.base/jdk.internal.reflect.DelegatingMethodAccessorImpl.invoke(DelegatingMethodAccessorImpl.java:43)&#10;java.base/java.lang.reflect.Method.invoke(Method.java:567)&#10;junit.framework.TestCase.runTest(TestCase.java:164)&#10;junit.framework.TestCase.runBare(TestCase.java:130)&#10;junit.framework.TestResult$1.protect(TestResult.java:106)&#10;junit.framework.TestResult.runProtected(TestResult.java:124)&#10;junit.framework.TestResult.run(TestResult.java:109)&#10;junit.framework.TestCase.run(TestCase.java:120)&#10;junit.framework.TestSuite.runTest(TestSuite.java:230)&#10;junit.framework.TestSuite.run(TestSuite.java:225)&#10;java.base/jdk.internal.reflect.NativeMethodAccessorImpl.invoke0(Native Method)&#10;java.base/jdk.internal.reflect.NativeMethodAccessorImpl.invoke(NativeMethodAccessorImpl.java:62)&#10;java.base/jdk.internal.reflect.DelegatingMethodAccessorImpl.invoke(DelegatingMethodAccessorImpl.java:43)&#10;java.base/java.lang.reflect.Method.invoke(Method.java:567)" type="org.apache.spark.SparkException"><![CDATA[org.apache.spark.SparkException: Only one SparkContext may be running in this JVM (see SPARK-2243). To ignore this error, set spark.driver.allowMultipleContexts = true. The currently running SparkContext was created at:
org.apache.spark.api.java.JavaSparkContext.<init>(JavaSparkContext.scala:59)
edu.coursera.distributed.SparkTest.getSparkContext(SparkTest.java:38)
edu.coursera.distributed.SparkTest.testDriver(SparkTest.java:170)
edu.coursera.distributed.SparkTest.testUniformTwentyThousand(SparkTest.java:239)
java.base/jdk.internal.reflect.NativeMethodAccessorImpl.invoke0(Native Method)
java.base/jdk.internal.reflect.NativeMethodAccessorImpl.invoke(NativeMethodAccessorImpl.java:62)
java.base/jdk.internal.reflect.DelegatingMethodAccessorImpl.invoke(DelegatingMethodAccessorImpl.java:43)
java.base/java.lang.reflect.Method.invoke(Method.java:567)
junit.framework.TestCase.runTest(TestCase.java:164)
junit.framework.TestCase.runBare(TestCase.java:130)
junit.framework.TestResult$1.protect(TestResult.java:106)
junit.framework.TestResult.runProtected(TestResult.java:124)
junit.framework.TestResult.run(TestResult.java:109)
junit.framework.TestCase.run(TestCase.java:120)
junit.framework.TestSuite.runTest(TestSuite.java:230)
junit.framework.TestSuite.run(TestSuite.java:225)
java.base/jdk.internal.reflect.NativeMethodAccessorImpl.invoke0(Native Method)
java.base/jdk.internal.reflect.NativeMethodAccessorImpl.invoke(NativeMethodAccessorImpl.java:62)
java.base/jdk.internal.reflect.DelegatingMethodAccessorImpl.invoke(DelegatingMethodAccessorImpl.java:43)
java.base/java.lang.reflect.Method.invoke(Method.java:567)
	at org.apache.spark.SparkContext$$anonfun$assertNoOtherContextIsRunning$1.apply(SparkContext.scala:2257)
	at org.apache.spark.SparkContext$$anonfun$assertNoOtherContextIsRunning$1.apply(SparkContext.scala:2239)
	at scala.Option.foreach(Option.scala:236)
	at org.apache.spark.SparkContext$.assertNoOtherContextIsRunning(SparkContext.scala:2239)
	at org.apache.spark.SparkContext$.markPartiallyConstructed(SparkContext.scala:2312)
	at org.apache.spark.SparkContext.<init>(SparkContext.scala:91)
	at org.apache.spark.api.java.JavaSparkContext.<init>(JavaSparkContext.scala:59)
	at edu.coursera.distributed.SparkTest.getSparkContext(SparkTest.java:38)
	at edu.coursera.distributed.SparkTest.testDriver(SparkTest.java:170)
	at edu.coursera.distributed.SparkTest.testRandomFiftyThousand(SparkTest.java:294)
]]></error>
    <system-err><![CDATA[Running the PageRank algorithm for 5 iterations on a website graph of 50000 websites

]]></system-err>
  </testcase>
</testsuite>