<?xml version="1.0" encoding="UTF-8"?>
<testsuite name="edu.coursera.distributed.FileServerTest" time="35.148" tests="8" errors="7" skipped="0" failures="0">
  <properties>
[...]
</properties>
  <testcase name="testMissingNestedFileGet" classname="edu.coursera.distributed.FileServerTest" time="5.083">
    <error message="Read timed out" type="java.net.SocketTimeoutException">java.net.SocketTimeoutException: Read timed out
	at java.base/sun.nio.ch.NioSocketImpl.timedRead(NioSocketImpl.java:284)
	at java.base/sun.nio.ch.NioSocketImpl.implRead(NioSocketImpl.java:310)
	at java.base/sun.nio.ch.NioSocketImpl.read(NioSocketImpl.java:351)
	at java.base/sun.nio.ch.NioSocketImpl$1.read(NioSocketImpl.java:802)
	at java.base/java.net.Socket$SocketInputStream.read(Socket.java:937)
	at java.base/java.io.BufferedInputStream.fill(BufferedInputStream.java:245)
	at java.base/java.io.BufferedInputStream.read1(BufferedInputStream.java:285)
	at java.base/java.io.BufferedInputStream.read(BufferedInputStream.java:344)
	at java.base/sun.net.www.http.HttpClient.parseHTTPHeader(HttpClient.java:746)
	at java.base/sun.net.www.http.HttpClient.parseHTTP(HttpClient.java:689)
	at java.base/sun.net.www.protocol.http.HttpURLConnection.getInputStream0(HttpURLConnection.java:1610)
	at java.base/sun.net.www.protocol.http.HttpURLConnection.getInputStream(HttpURLConnection.java:1515)
	at java.base/java.net.HttpURLConnection.getResponseCode(HttpURLConnection.java:527)
	at edu.coursera.distributed.FileServerTest.sendHttpRequest(FileServerTest.java:123)
	at edu.coursera.distributed.FileServerTest.testMissingNestedFileGet(FileServerTest.java:242)
</error>
    <system-err><![CDATA[
Launching server for testMissingNestedFileGet
Requesting static/missingdir/missing.txt... ]]></system-err>
  </testcase>
  <testcase name="testDoublyNestedFileGet" classname="edu.coursera.distributed.FileServerTest" time="5.007">
    <error message="Read timed out" type="java.net.SocketTimeoutException">java.net.SocketTimeoutException: Read timed out
	at java.base/sun.nio.ch.NioSocketImpl.timedRead(NioSocketImpl.java:284)
	at java.base/sun.nio.ch.NioSocketImpl.implRead(NioSocketImpl.java:310)
	at java.base/sun.nio.ch.NioSocketImpl.read(NioSocketImpl.java:351)
	at java.base/sun.nio.ch.NioSocketImpl$1.read(NioSocketImpl.java:802)
	at java.base/java.net.Socket$SocketInputStream.read(Socket.java:937)
	at java.base/java.io.BufferedInputStream.fill(BufferedInputStream.java:245)
	at java.base/java.io.BufferedInputStream.read1(BufferedInputStream.java:285)
	at java.base/java.io.BufferedInputStream.read(BufferedInputStream.java:344)
	at java.base/sun.net.www.http.HttpClient.parseHTTPHeader(HttpClient.java:746)
	at java.base/sun.net.www.http.HttpClient.parseHTTP(HttpClient.java:689)
	at java.base/sun.net.www.protocol.http.HttpURLConnection.getInputStream0(HttpURLConnection.java:1610)
	at java.base/sun.net.www.protocol.http.HttpURLConnection.getInputStream(HttpURLConnection.java:1515)
	at java.base/java.net.HttpURLConnection.getResponseCode(HttpURLConnection.java:527)
	at edu.coursera.distributed.FileServerTest.sendHttpRequest(FileServerTest.java:123)
	at edu.coursera.distributed.FileServerTest.testDoublyNestedFileGet(FileServerTest.java:204)
</error>
    <system-err><![CDATA[
Launching server for testDoublyNestedFileGet
Requesting static/dir3/dir4/E.txt... ]]></system-err>
  </testcase>
  <testcase name="testFileGet" classname="edu.coursera.distributed.FileServerTest" time="5.013">
    <error message="Read timed out" type="java.net.SocketTimeoutException">java.net.SocketTimeoutException: Read timed out
	at java.base/sun.nio.ch.NioSocketImpl.timedRead(NioSocketImpl.java:284)
	at java.base/sun.nio.ch.NioSocketImpl.implRead(NioSocketImpl.java:310)
	at java.base/sun.nio.ch.NioSocketImpl.read(NioSocketImpl.java:351)
	at java.base/sun.nio.ch.NioSocketImpl$1.read(NioSocketImpl.java:802)
	at java.base/java.net.Socket$SocketInputStream.read(Socket.java:937)
	at java.base/java.io.BufferedInputStream.fill(BufferedInputStream.java:245)
	at java.base/java.io.BufferedInputStream.read1(BufferedInputStream.java:285)
	at java.base/java.io.BufferedInputStream.read(BufferedInputStream.java:344)
	at java.base/sun.net.www.http.HttpClient.parseHTTPHeader(HttpClient.java:746)
	at java.base/sun.net.www.http.HttpClient.parseHTTP(HttpClient.java:689)
	at java.base/sun.net.www.protocol.http.HttpURLConnection.getInputStream0(HttpURLConnection.java:1610)
	at java.base/sun.net.www.protocol.http.HttpURLConnection.getInputStream(HttpURLConnection.java:1515)
	at java.base/java.net.HttpURLConnection.getResponseCode(HttpURLConnection.java:527)
	at edu.coursera.distributed.FileServerTest.sendHttpRequest(FileServerTest.java:123)
	at edu.coursera.distributed.FileServerTest.testFileGet(FileServerTest.java:161)
</error>
    <system-err><![CDATA[
Launching server for testFileGet
Requesting static/A.txt... ]]></system-err>
  </testcase>
  <testcase name="testTermination" classname="edu.coursera.distributed.FileServerTest" time="0.003"/>
  <testcase name="testFileGets" classname="edu.coursera.distributed.FileServerTest" time="5.003">
    <error message="Read timed out" type="java.net.SocketTimeoutException">java.net.SocketTimeoutException: Read timed out
	at java.base/sun.nio.ch.NioSocketImpl.timedRead(NioSocketImpl.java:284)
	at java.base/sun.nio.ch.NioSocketImpl.implRead(NioSocketImpl.java:310)
	at java.base/sun.nio.ch.NioSocketImpl.read(NioSocketImpl.java:351)
	at java.base/sun.nio.ch.NioSocketImpl$1.read(NioSocketImpl.java:802)
	at java.base/java.net.Socket$SocketInputStream.read(Socket.java:937)
	at java.base/java.io.BufferedInputStream.fill(BufferedInputStream.java:245)
	at java.base/java.io.BufferedInputStream.read1(BufferedInputStream.java:285)
	at java.base/java.io.BufferedInputStream.read(BufferedInputStream.java:344)
	at java.base/sun.net.www.http.HttpClient.parseHTTPHeader(HttpClient.java:746)
	at java.base/sun.net.www.http.HttpClient.parseHTTP(HttpClient.java:689)
	at java.base/sun.net.www.protocol.http.HttpURLConnection.getInputStream0(HttpURLConnection.java:1610)
	at java.base/sun.net.www.protocol.http.HttpURLConnection.getInputStream(HttpURLConnection.java:1515)
	at java.base/java.net.HttpURLConnection.getResponseCode(HttpURLConnection.java:527)
	at edu.coursera.distributed.FileServerTest.sendHttpRequest(FileServerTest.java:123)
	at edu.coursera.distributed.FileServerTest.testFileGets(FileServerTest.java:174)
</error>
    <system-err><![CDATA[
Launching server for testFileGets
Requesting static/A.txt... ]]></system-err>
  </testcase>
  <testcase name="testNestedFileGet" classname="edu.coursera.distributed.FileServerTest" time="5.009">
    <error message="Read timed out" type="java.net.SocketTimeoutException">java.net.SocketTimeoutException: Read timed out
	at java.base/sun.nio.ch.NioSocketImpl.timedRead(NioSocketImpl.java:284)
	at java.base/sun.nio.ch.NioSocketImpl.implRead(NioSocketImpl.java:310)
	at java.base/sun.nio.ch.NioSocketImpl.read(NioSocketImpl.java:351)
	at java.base/sun.nio.ch.NioSocketImpl$1.read(NioSocketImpl.java:802)
	at java.base/java.net.Socket$SocketInputStream.read(Socket.java:937)
	at java.base/java.io.BufferedInputStream.fill(BufferedInputStream.java:245)
	at java.base/java.io.BufferedInputStream.read1(BufferedInputStream.java:285)
	at java.base/java.io.BufferedInputStream.read(BufferedInputStream.java:344)
	at java.base/sun.net.www.http.HttpClient.parseHTTPHeader(HttpClient.java:746)
	at java.base/sun.net.www.http.HttpClient.parseHTTP(HttpClient.java:689)
	at java.base/sun.net.www.protocol.http.HttpURLConnection.getInputStream0(HttpURLConnection.java:1610)
	at java.base/sun.net.www.protocol.http.HttpURLConnection.getInputStream(HttpURLConnection.java:1515)
	at java.base/java.net.HttpURLConnection.getResponseCode(HttpURLConnection.java:527)
	at edu.coursera.distributed.FileServerTest.sendHttpRequest(FileServerTest.java:123)
	at edu.coursera.distributed.FileServerTest.testNestedFileGet(FileServerTest.java:191)
</error>
    <system-err><![CDATA[
Launching server for testNestedFileGet
Requesting static/dir1/C.txt... ]]></system-err>
  </testcase>
  <testcase name="testLargeFileGet" classname="edu.coursera.distributed.FileServerTest" time="5.013">
    <error message="Read timed out" type="java.net.SocketTimeoutException">java.net.SocketTimeoutException: Read timed out
	at java.base/sun.nio.ch.NioSocketImpl.timedRead(NioSocketImpl.java:284)
	at java.base/sun.nio.ch.NioSocketImpl.implRead(NioSocketImpl.java:310)
	at java.base/sun.nio.ch.NioSocketImpl.read(NioSocketImpl.java:351)
	at java.base/sun.nio.ch.NioSocketImpl$1.read(NioSocketImpl.java:802)
	at java.base/java.net.Socket$SocketInputStream.read(Socket.java:937)
	at java.base/java.io.BufferedInputStream.fill(BufferedInputStream.java:245)
	at java.base/java.io.BufferedInputStream.read1(BufferedInputStream.java:285)
	at java.base/java.io.BufferedInputStream.read(BufferedInputStream.java:344)
	at java.base/sun.net.www.http.HttpClient.parseHTTPHeader(HttpClient.java:746)
	at java.base/sun.net.www.http.HttpClient.parseHTTP(HttpClient.java:689)
	at java.base/sun.net.www.protocol.http.HttpURLConnection.getInputStream0(HttpURLConnection.java:1610)
	at java.base/sun.net.www.protocol.http.HttpURLConnection.getInputStream(HttpURLConnection.java:1515)
	at java.base/java.net.HttpURLConnection.getResponseCode(HttpURLConnection.java:527)
	at edu.coursera.distributed.FileServerTest.sendHttpRequest(FileServerTest.java:123)
	at edu.coursera.distributed.FileServerTest.testLargeFileGet(FileServerTest.java:217)
</error>
    <system-err><![CDATA[
Launching server for testLargeFileGet
Requesting static/ABC.txt... ]]></system-err>
  </testcase>
  <testcase name="testMissingFileGet" classname="edu.coursera.distributed.FileServerTest" time="5.017">
    <error message="Read timed out" type="java.net.SocketTimeoutException">java.net.SocketTimeoutException: Read timed out
	at java.base/sun.nio.ch.NioSocketImpl.timedRead(NioSocketImpl.java:284)
	at java.base/sun.nio.ch.NioSocketImpl.implRead(NioSocketImpl.java:310)
	at java.base/sun.nio.ch.NioSocketImpl.read(NioSocketImpl.java:351)
	at java.base/sun.nio.ch.NioSocketImpl$1.read(NioSocketImpl.java:802)
	at java.base/java.net.Socket$SocketInputStream.read(Socket.java:937)
	at java.base/java.io.BufferedInputStream.fill(BufferedInputStream.java:245)
	at java.base/java.io.BufferedInputStream.read1(BufferedInputStream.java:285)
	at java.base/java.io.BufferedInputStream.read(BufferedInputStream.java:344)
	at java.base/sun.net.www.http.HttpClient.parseHTTPHeader(HttpClient.java:746)
	at java.base/sun.net.www.http.HttpClient.parseHTTP(HttpClient.java:689)
	at java.base/sun.net.www.protocol.http.HttpURLConnection.getInputStream0(HttpURLConnection.java:1610)
	at java.base/sun.net.www.protocol.http.HttpURLConnection.getInputStream(HttpURLConnection.java:1515)
	at java.base/java.net.HttpURLConnection.getResponseCode(HttpURLConnection.java:527)
	at edu.coursera.distributed.FileServerTest.sendHttpRequest(FileServerTest.java:123)
	at edu.coursera.distributed.FileServerTest.testMissingFileGet(FileServerTest.java:230)
</error>
    <system-err><![CDATA[
Launching server for testMissingFileGet
Requesting static/missing.txt... ]]></system-err>
  </testcase>
</testsuite>